<?xml version="1.0" encoding="UTF-8"?>
<!-- Generated by org.testng.reporters.JUnitXMLReporter -->
<testsuite ignored="2" hostname="DESKTOP-81JNK5C" failures="2" tests="2" name="Checkout process Test(failed)" time="9.713" errors="0" timestamp="2025-03-23T13:45:27 IST">
  <testcase classname="TestCases.TC005_AddProductToCartTest" name="addProductToCart" time="1.584">
    <failure type="java.lang.AssertionError" message="element is not clickable expected [true] but found [false]">
      <![CDATA[java.lang.AssertionError: element is not clickable expected [true] but found [false]
at TestCases.TC005_AddProductToCartTest.addProductToCart(TC005_AddProductToCartTest.java:20)
at java.base/java.util.ArrayList.forEach(ArrayList.java:1597)
at java.base/java.util.concurrent.FutureTask.run(FutureTask.java:317)
at java.base/java.util.concurrent.ThreadPoolExecutor.runWorker(ThreadPoolExecutor.java:1144)
at java.base/java.util.concurrent.ThreadPoolExecutor$Worker.run(ThreadPoolExecutor.java:642)
at java.base/java.lang.Thread.run(Thread.java:1575)
... Removed 18 stack frames]]>
    </failure>
  </testcase> <!-- addProductToCart -->
  <testcase classname="TestCases.TC007_SuccessfulCheckoutTest" name="successfulCheckout" time="0.002">
    <failure type="java.lang.AssertionError" message="cart is empty">
      <![CDATA[java.lang.AssertionError: cart is empty
at TestCases.TC007_SuccessfulCheckoutTest.successfulCheckout(TC007_SuccessfulCheckoutTest.java:24)
at java.base/java.util.ArrayList.forEach(ArrayList.java:1597)
at java.base/java.util.concurrent.FutureTask.run(FutureTask.java:317)
at java.base/java.util.concurrent.ThreadPoolExecutor.runWorker(ThreadPoolExecutor.java:1144)
at java.base/java.util.concurrent.ThreadPoolExecutor$Worker.run(ThreadPoolExecutor.java:642)
at java.base/java.lang.Thread.run(Thread.java:1575)
... Removed 16 stack frames]]>
    </failure>
  </testcase> <!-- successfulCheckout -->
  <testcase classname="testBase.BaseClass" name="@AfterTest tearDown" time="0.0">
    <ignored/>
  </testcase> <!-- @AfterTest tearDown -->
  <testcase classname="testBase.BaseClass" name="@BeforeTest setup" time="0.0">
    <ignored/>
  </testcase> <!-- @BeforeTest setup -->
</testsuite> <!-- Checkout process Test(failed) -->
