<?xml version="1.0" encoding="UTF-8"?>
<!-- Generated by org.testng.reporters.JUnitXMLReporter -->
<testsuite ignored="2" hostname="DESKTOP-81JNK5C" failures="1" tests="2" name="Shoping Cart Functionality" time="11.396" errors="0" timestamp="2025-03-23T13:36:43 IST">
  <testcase classname="TestCases.TC005_AddProductToCartTest" name="addProductToCart" time="2.044"/>
  <testcase classname="TestCases.TC006_RemoveProductfromtheCartTest" name="removeProductfromCart" time="0.1">
    <failure type="java.lang.AssertionError" message="product not removed expected [true] but found [false]">
      <![CDATA[java.lang.AssertionError: product not removed expected [true] but found [false]
at TestCases.TC006_RemoveProductfromtheCartTest.removeProductfromCart(TC006_RemoveProductfromtheCartTest.java:15)
at java.base/java.util.ArrayList.forEach(ArrayList.java:1596)
at java.base/java.util.concurrent.FutureTask.run(FutureTask.java:317)
at java.base/java.util.concurrent.ThreadPoolExecutor.runWorker(ThreadPoolExecutor.java:1144)
at java.base/java.util.concurrent.ThreadPoolExecutor$Worker.run(ThreadPoolExecutor.java:642)
at java.base/java.lang.Thread.run(Thread.java:1583)
... Removed 18 stack frames]]>
    </failure>
  </testcase> <!-- removeProductfromCart -->
  <testcase classname="testBase.BaseClass" name="@BeforeTest setup" time="0.0">
    <ignored/>
  </testcase> <!-- @BeforeTest setup -->
  <testcase classname="testBase.BaseClass" name="@AfterTest tearDown" time="0.0">
    <ignored/>
  </testcase> <!-- @AfterTest tearDown -->
</testsuite> <!-- Shoping Cart Functionality -->
