<!DOCTYPE html>

<html>
  <head>
  <meta charset='utf-8'>
  <title>TestNG reports</title>

    <link type="text/css" href="testng-reports1.css" rel="stylesheet" id="ultra" />
    <link type="text/css" href="testng-reports.css" rel="stylesheet" id="retro" disabled="false"/>
    <script type="text/javascript" src="jquery-3.6.0.min.js"></script>
    <script type="text/javascript" src="testng-reports.js"></script>
    <script type="text/javascript" src="https://www.google.com/jsapi"></script>
    <script type='text/javascript'>
      google.load('visualization', '1', {packages:['table']});
      google.setOnLoadCallback(drawTable);
      var suiteTableInitFunctions = new Array();
      var suiteTableData = new Array();
    </script>
    <!--
      <script type="text/javascript" src="jquery-ui/js/jquery-ui-1.8.16.custom.min.js"></script>
     -->
  </head>

  <body>    <div class="top-banner-root">
      <span class="top-banner-title-font">Test results</span>
      <button id="button" class="button">Switch Retro Theme</button> <!-- button -->
      <br/>
      <span class="top-banner-font-1">1 suite, 6 failed tests</span>
    </div> <!-- top-banner-root -->
    <div class="navigator-root">
      <div class="navigator-suite-header">
        <span>All suites</span>
        <a href="#" title="Collapse/expand all the suites" class="collapse-all-link">
          <img src="collapseall.gif" class="collapse-all-icon">
          </img> <!-- collapse-all-icon -->
        </a> <!-- collapse-all-link -->
      </div> <!-- navigator-suite-header -->
      <div class="suite">
        <div class="rounded-window">
          <div class="suite-header light-rounded-window-top">
            <a href="#" panel-name="suite-ToolShopV5_0_Tests_Suite" class="navigator-link">
              <span class="suite-name border-failed">ToolShopV5.0 Tests Suite</span>
            </a> <!-- navigator-link -->
          </div> <!-- suite-header light-rounded-window-top -->
          <div class="navigator-suite-content">
            <div class="suite-section-title">
              <span>Info</span>
            </div> <!-- suite-section-title -->
            <div class="suite-section-content">
              <ul>
                <li>
                  <a href="#" panel-name="test-xml-ToolShopV5_0_Tests_Suite" class="navigator-link ">
                    <span>E:\java\selenium\webdriver\ToolshopV5.0\Master.xml</span>
                  </a> <!-- navigator-link  -->
                </li>
                <li>
                  <a href="#" panel-name="testlist-ToolShopV5_0_Tests_Suite" class="navigator-link ">
                    <span class="test-stats">4 tests</span>
                  </a> <!-- navigator-link  -->
                </li>
                <li>
                  <a href="#" panel-name="group-ToolShopV5_0_Tests_Suite" class="navigator-link ">
                    <span>0 groups</span>
                  </a> <!-- navigator-link  -->
                </li>
                <li>
                  <a href="#" panel-name="times-ToolShopV5_0_Tests_Suite" class="navigator-link ">
                    <span>Times</span>
                  </a> <!-- navigator-link  -->
                </li>
                <li>
                  <a href="#" panel-name="reporter-ToolShopV5_0_Tests_Suite" class="navigator-link ">
                    <span>Reporter output</span>
                  </a> <!-- navigator-link  -->
                </li>
                <li>
                  <a href="#" panel-name="ignored-methods-ToolShopV5_0_Tests_Suite" class="navigator-link ">
                    <span>Ignored methods</span>
                  </a> <!-- navigator-link  -->
                </li>
                <li>
                  <a href="#" panel-name="chronological-ToolShopV5_0_Tests_Suite" class="navigator-link ">
                    <span>Chronological view</span>
                  </a> <!-- navigator-link  -->
                </li>
              </ul>
            </div> <!-- suite-section-content -->
            <div class="result-section">
              <div class="suite-section-title">
                <span>Results</span>
              </div> <!-- suite-section-title -->
              <div class="suite-section-content">
                <ul>
                  <li>
                    <span class="method-stats">15 methods, 6 failed,   9 passed</span>
                  </li>
                  <li>
                    <span class="method-list-title failed">Failed methods</span>
                    <span class="show-or-hide-methods failed">
                      <a href="#" panel-name="suite-ToolShopV5_0_Tests_Suite" class="hide-methods failed suite-ToolShopV5_0_Tests_Suite"> (hide)</a> <!-- hide-methods failed suite-ToolShopV5_0_Tests_Suite -->
                      <a href="#" panel-name="suite-ToolShopV5_0_Tests_Suite" class="show-methods failed suite-ToolShopV5_0_Tests_Suite"> (show)</a> <!-- show-methods failed suite-ToolShopV5_0_Tests_Suite -->
                    </span>
                    <div class="method-list-content failed suite-ToolShopV5_0_Tests_Suite">
                      <span>
                        <img src="failed.png" width="3%"/>
                        <a href="#" panel-name="suite-ToolShopV5_0_Tests_Suite" title="TestCases.TC002_InvalidLoginTest" class="method navigator-link" hash-for-method="InvalidLoginEroroMessageCheck(admin@practicesoftwaretesting.com, wel)">InvalidLoginEroroMessageCheck(admin@practicesoftwaretesting.com, wel)</a> <!-- method navigator-link -->
                      </span>
                      <br/>
                      <span>
                        <img src="failed.png" width="3%"/>
                        <a href="#" panel-name="suite-ToolShopV5_0_Tests_Suite" title="TestCases.TC002_InvalidLoginTest" class="method navigator-link" hash-for-method="InvalidLoginEroroMessageCheck(admin@practicesoftwaretesting.com , )">InvalidLoginEroroMessageCheck(admin@practicesoftwaretesting.com , )</a> <!-- method navigator-link -->
                      </span>
                      <br/>
                      <span>
                        <img src="failed.png" width="3%"/>
                        <a href="#" panel-name="suite-ToolShopV5_0_Tests_Suite" title="TestCases.TC002_InvalidLoginTest" class="method navigator-link" hash-for-method="InvalidLoginEroroMessageCheck(, welcome1)">InvalidLoginEroroMessageCheck(, welcome1)</a> <!-- method navigator-link -->
                      </span>
                      <br/>
                      <span>
                        <img src="failed.png" width="3%"/>
                        <a href="#" panel-name="suite-ToolShopV5_0_Tests_Suite" title="TestCases.TC005_AddProductToCartTest" class="method navigator-link" hash-for-method="addProductToCart">addProductToCart</a> <!-- method navigator-link -->
                      </span>
                      <br/>
                      <span>
                        <img src="failed.png" width="3%"/>
                        <a href="#" panel-name="suite-ToolShopV5_0_Tests_Suite" title="TestCases.TC006_RemoveProductfromtheCartTest" class="method navigator-link" hash-for-method="removeProductfromCart">removeProductfromCart</a> <!-- method navigator-link -->
                      </span>
                      <br/>
                      <span>
                        <img src="failed.png" width="3%"/>
                        <a href="#" panel-name="suite-ToolShopV5_0_Tests_Suite" title="TestCases.TC007_SuccessfulCheckoutTest" class="method navigator-link" hash-for-method="successfulCheckout">successfulCheckout</a> <!-- method navigator-link -->
                      </span>
                      <br/>
                    </div> <!-- method-list-content failed suite-ToolShopV5_0_Tests_Suite -->
                  </li>
                  <li>
                    <span class="method-list-title passed">Passed methods</span>
                    <span class="show-or-hide-methods passed">
                      <a href="#" panel-name="suite-ToolShopV5_0_Tests_Suite" class="hide-methods passed suite-ToolShopV5_0_Tests_Suite"> (hide)</a> <!-- hide-methods passed suite-ToolShopV5_0_Tests_Suite -->
                      <a href="#" panel-name="suite-ToolShopV5_0_Tests_Suite" class="show-methods passed suite-ToolShopV5_0_Tests_Suite"> (show)</a> <!-- show-methods passed suite-ToolShopV5_0_Tests_Suite -->
                    </span>
                    <div class="method-list-content passed suite-ToolShopV5_0_Tests_Suite">
                      <span>
                        <img src="passed.png" width="3%"/>
                        <a href="#" panel-name="suite-ToolShopV5_0_Tests_Suite" title="TestCases.TC002_InvalidLoginTest" class="method navigator-link" hash-for-method="InvalidLogin(, welcome1)">InvalidLogin(, welcome1)</a> <!-- method navigator-link -->
                      </span>
                      <br/>
                      <span>
                        <img src="passed.png" width="3%"/>
                        <a href="#" panel-name="suite-ToolShopV5_0_Tests_Suite" title="TestCases.TC002_InvalidLoginTest" class="method navigator-link" hash-for-method="InvalidLogin(aadmin12345@, welcome01)">InvalidLogin(aadmin12345@, welcome01)</a> <!-- method navigator-link -->
                      </span>
                      <br/>
                      <span>
                        <img src="passed.png" width="3%"/>
                        <a href="#" panel-name="suite-ToolShopV5_0_Tests_Suite" title="TestCases.TC002_InvalidLoginTest" class="method navigator-link" hash-for-method="InvalidLogin(admin@practicesoftwaretesting.com , )">InvalidLogin(admin@practicesoftwaretesting.com , )</a> <!-- method navigator-link -->
                      </span>
                      <br/>
                      <span>
                        <img src="passed.png" width="3%"/>
                        <a href="#" panel-name="suite-ToolShopV5_0_Tests_Suite" title="TestCases.TC002_InvalidLoginTest" class="method navigator-link" hash-for-method="InvalidLogin(admin@practicesoftwaretesting.com, wel)">InvalidLogin(admin@practicesoftwaretesting.com, wel)</a> <!-- method navigator-link -->
                      </span>
                      <br/>
                      <span>
                        <img src="passed.png" width="3%"/>
                        <a href="#" panel-name="suite-ToolShopV5_0_Tests_Suite" title="TestCases.TC002_InvalidLoginTest" class="method navigator-link" hash-for-method="InvalidLoginEroroMessageCheck(aadmin12345@, welcome01)">InvalidLoginEroroMessageCheck(aadmin12345@, welcome01)</a> <!-- method navigator-link -->
                      </span>
                      <br/>
                      <span>
                        <img src="passed.png" width="3%"/>
                        <a href="#" panel-name="suite-ToolShopV5_0_Tests_Suite" title="TestCases.TC003_SearchForExistingProductTest" class="method navigator-link" hash-for-method="SearchForExistingProduct">SearchForExistingProduct</a> <!-- method navigator-link -->
                      </span>
                      <br/>
                      <span>
                        <img src="passed.png" width="3%"/>
                        <a href="#" panel-name="suite-ToolShopV5_0_Tests_Suite" title="TestCases.TC004_SearchForNonExistingProductTest" class="method navigator-link" hash-for-method="SearchForNonExistingProductTest">SearchForNonExistingProductTest</a> <!-- method navigator-link -->
                      </span>
                      <br/>
                      <span>
                        <img src="passed.png" width="3%"/>
                        <a href="#" panel-name="suite-ToolShopV5_0_Tests_Suite" title="TestCases.TC005_AddProductToCartTest" class="method navigator-link" hash-for-method="addProductToCart">addProductToCart</a> <!-- method navigator-link -->
                      </span>
                      <br/>
                      <span>
                        <img src="passed.png" width="3%"/>
                        <a href="#" panel-name="suite-ToolShopV5_0_Tests_Suite" title="TestCases.TC001_ValidLoginTest" class="method navigator-link" hash-for-method="validLogin">validLogin</a> <!-- method navigator-link -->
                      </span>
                      <br/>
                    </div> <!-- method-list-content passed suite-ToolShopV5_0_Tests_Suite -->
                  </li>
                </ul>
              </div> <!-- suite-section-content -->
            </div> <!-- result-section -->
          </div> <!-- navigator-suite-content -->
        </div> <!-- rounded-window -->
      </div> <!-- suite -->
    </div> <!-- navigator-root -->
    <div class="wrapper">
      <div class="main-panel-root">
        <div panel-name="suite-ToolShopV5_0_Tests_Suite" class="panel ToolShopV5_0_Tests_Suite">
          <div class="suite-ToolShopV5_0_Tests_Suite-class-failed">
            <div class="main-panel-header rounded-window-top">
              <img src="failed.png"/>
              <span class="class-name">TestCases.TC006_RemoveProductfromtheCartTest</span>
            </div> <!-- main-panel-header rounded-window-top -->
            <div class="main-panel-content rounded-window-bottom">
              <div class="method">
                <div class="method-content">
                  <a name="removeProductfromCart">
                  </a> <!-- removeProductfromCart -->
                  <span class="method-name">removeProductfromCart</span>
                  <div class="stack-trace">java.lang.AssertionError: product not removed expected [true] but found [false]
	at TestCases.TC006_RemoveProductfromtheCartTest.removeProductfromCart(TC006_RemoveProductfromtheCartTest.java:15)
	at java.base/java.util.ArrayList.forEach(ArrayList.java:1596)
	at java.base/java.util.concurrent.FutureTask.run(FutureTask.java:317)
	at java.base/java.util.concurrent.ThreadPoolExecutor.runWorker(ThreadPoolExecutor.java:1144)
	at java.base/java.util.concurrent.ThreadPoolExecutor$Worker.run(ThreadPoolExecutor.java:642)
	at java.base/java.lang.Thread.run(Thread.java:1583)
... Removed 18 stack frames
</div> <!-- stack-trace -->
                </div> <!-- method-content -->
              </div> <!-- method -->
            </div> <!-- main-panel-content rounded-window-bottom -->
          </div> <!-- suite-ToolShopV5_0_Tests_Suite-class-failed -->
          <div class="suite-ToolShopV5_0_Tests_Suite-class-failed">
            <div class="main-panel-header rounded-window-top">
              <img src="failed.png"/>
              <span class="class-name">TestCases.TC007_SuccessfulCheckoutTest</span>
            </div> <!-- main-panel-header rounded-window-top -->
            <div class="main-panel-content rounded-window-bottom">
              <div class="method">
                <div class="method-content">
                  <a name="successfulCheckout">
                  </a> <!-- successfulCheckout -->
                  <span class="method-name">successfulCheckout</span>
                  <div class="stack-trace">org.openqa.selenium.NoSuchElementException: no such element: Unable to locate element: {&quot;method&quot;:&quot;xpath&quot;,&quot;selector&quot;:&quot;//a[@class=&apos;nav-link&apos;]//i[@class=&apos;fa fa-shopping-cart px-1&apos;]&quot;}
  (Session info: chrome=134.0.6998.118)
For documentation on this error, please visit: https://www.selenium.dev/documentation/webdriver/troubleshooting/errors#no-such-element-exception
Build info: version: &apos;4.29.0&apos;, revision: &apos;5fc1ec94cb&apos;
System info: os.name: &apos;Windows 10&apos;, os.arch: &apos;amd64&apos;, os.version: &apos;10.0&apos;, java.version: &apos;21.0.5&apos;
Driver info: org.openqa.selenium.chrome.ChromeDriver
Command: [0744e843f1efbb7758b4cc59a05b3fc3, findElement {using=xpath, value=//a[@class=&apos;nav-link&apos;]//i[@class=&apos;fa fa-shopping-cart px-1&apos;]}]
Capabilities {acceptInsecureCerts: false, browserName: chrome, browserVersion: 134.0.6998.118, chrome: {chromedriverVersion: 134.0.6998.165 (fd886e2cb29..., userDataDir: C:\Users\hp\AppData\Local\T...}, fedcm:accounts: true, goog:chromeOptions: {debuggerAddress: localhost:51554}, networkConnectionEnabled: false, pageLoadStrategy: normal, platformName: windows, proxy: Proxy(), se:cdp: ws://localhost:51554/devtoo..., se:cdpVersion: 134.0.6998.118, setWindowRect: true, strictFileInteractability: false, timeouts: {implicit: 0, pageLoad: 300000, script: 30000}, unhandledPromptBehavior: dismiss and notify, webauthn:extension:credBlob: true, webauthn:extension:largeBlob: true, webauthn:extension:minPinLength: true, webauthn:extension:prf: true, webauthn:virtualAuthenticators: true}
Session ID: 0744e843f1efbb7758b4cc59a05b3fc3
	at org.openqa.selenium.remote.ErrorCodec.decode(ErrorCodec.java:167)
	at org.openqa.selenium.remote.codec.w3c.W3CHttpResponseCodec.decode(W3CHttpResponseCodec.java:138)
	at org.openqa.selenium.remote.codec.w3c.W3CHttpResponseCodec.decode(W3CHttpResponseCodec.java:50)
	at org.openqa.selenium.remote.HttpCommandExecutor.execute(HttpCommandExecutor.java:215)
	at org.openqa.selenium.remote.service.DriverCommandExecutor.invokeExecute(DriverCommandExecutor.java:216)
	at org.openqa.selenium.remote.service.DriverCommandExecutor.execute(DriverCommandExecutor.java:174)
	at org.openqa.selenium.remote.RemoteWebDriver.execute(RemoteWebDriver.java:545)
	at org.openqa.selenium.remote.ElementLocation$ElementFinder$2.findElement(ElementLocation.java:165)
	at org.openqa.selenium.remote.ElementLocation.findElement(ElementLocation.java:59)
	at org.openqa.selenium.remote.RemoteWebDriver.findElement(RemoteWebDriver.java:368)
	at org.openqa.selenium.remote.RemoteWebDriver.findElement(RemoteWebDriver.java:362)
	at org.openqa.selenium.support.pagefactory.DefaultElementLocator.findElement(DefaultElementLocator.java:68)
	at org.openqa.selenium.support.pagefactory.internal.LocatingElementHandler.invoke(LocatingElementHandler.java:38)
	at jdk.proxy2/jdk.proxy2.$Proxy28.click(Unknown Source)
	at pageObject.ProductPage.clickcartIcon(ProductPage.java:61)
	at TestCases.TC007_SuccessfulCheckoutTest.successfulCheckout(TC007_SuccessfulCheckoutTest.java:18)
	at java.base/java.util.ArrayList.forEach(ArrayList.java:1596)
	at java.base/java.util.concurrent.FutureTask.run(FutureTask.java:317)
	at java.base/java.util.concurrent.ThreadPoolExecutor.runWorker(ThreadPoolExecutor.java:1144)
	at java.base/java.util.concurrent.ThreadPoolExecutor$Worker.run(ThreadPoolExecutor.java:642)
	at java.base/java.lang.Thread.run(Thread.java:1583)
... Removed 18 stack frames
</div> <!-- stack-trace -->
                </div> <!-- method-content -->
              </div> <!-- method -->
            </div> <!-- main-panel-content rounded-window-bottom -->
          </div> <!-- suite-ToolShopV5_0_Tests_Suite-class-failed -->
          <div class="suite-ToolShopV5_0_Tests_Suite-class-failed">
            <div class="main-panel-header rounded-window-top">
              <img src="failed.png"/>
              <span class="class-name">TestCases.TC002_InvalidLoginTest</span>
            </div> <!-- main-panel-header rounded-window-top -->
            <div class="main-panel-content rounded-window-bottom">
              <div class="method">
                <div class="method-content">
                  <a name="InvalidLoginEroroMessageCheck(admin@practicesoftwaretesting.com, wel)">
                  </a> <!-- InvalidLoginEroroMessageCheck(admin@practicesoftwaretesting.com, wel) -->
                  <span class="method-name">InvalidLoginEroroMessageCheck</span>
                  <span class="parameters">(admin@practicesoftwaretesting.com,wel)</span>
                  <div class="stack-trace">org.openqa.selenium.StaleElementReferenceException: stale element reference: stale element not found in the current frame
  (Session info: chrome=134.0.6998.118)
For documentation on this error, please visit: https://www.selenium.dev/documentation/webdriver/troubleshooting/errors#stale-element-reference-exception
Build info: version: &apos;4.29.0&apos;, revision: &apos;5fc1ec94cb&apos;
System info: os.name: &apos;Windows 10&apos;, os.arch: &apos;amd64&apos;, os.version: &apos;10.0&apos;, java.version: &apos;21.0.5&apos;
Driver info: org.openqa.selenium.chrome.ChromeDriver
Command: [b3eb83b725ae690f61e95f4d31dff6a7, clearElement {id=f.9FD201AD58BA32D2A7C85363CD106607.d.1BE5D3A606166CE9230796AC50A5C15C.e.89}]
Capabilities {acceptInsecureCerts: false, browserName: chrome, browserVersion: 134.0.6998.118, chrome: {chromedriverVersion: 134.0.6998.165 (fd886e2cb29..., userDataDir: C:\Users\hp\AppData\Local\T...}, fedcm:accounts: true, goog:chromeOptions: {debuggerAddress: localhost:51555}, networkConnectionEnabled: false, pageLoadStrategy: normal, platformName: windows, proxy: Proxy(), se:cdp: ws://localhost:51555/devtoo..., se:cdpVersion: 134.0.6998.118, setWindowRect: true, strictFileInteractability: false, timeouts: {implicit: 0, pageLoad: 300000, script: 30000}, unhandledPromptBehavior: dismiss and notify, webauthn:extension:credBlob: true, webauthn:extension:largeBlob: true, webauthn:extension:minPinLength: true, webauthn:extension:prf: true, webauthn:virtualAuthenticators: true}
Element: [[ChromeDriver: chrome on windows (b3eb83b725ae690f61e95f4d31dff6a7)] -&gt; xpath: //input[@id=&apos;email&apos;]]
Session ID: b3eb83b725ae690f61e95f4d31dff6a7
	at org.openqa.selenium.remote.ErrorCodec.decode(ErrorCodec.java:167)
	at org.openqa.selenium.remote.codec.w3c.W3CHttpResponseCodec.decode(W3CHttpResponseCodec.java:138)
	at org.openqa.selenium.remote.codec.w3c.W3CHttpResponseCodec.decode(W3CHttpResponseCodec.java:50)
	at org.openqa.selenium.remote.HttpCommandExecutor.execute(HttpCommandExecutor.java:215)
	at org.openqa.selenium.remote.service.DriverCommandExecutor.invokeExecute(DriverCommandExecutor.java:216)
	at org.openqa.selenium.remote.service.DriverCommandExecutor.execute(DriverCommandExecutor.java:174)
	at org.openqa.selenium.remote.RemoteWebDriver.execute(RemoteWebDriver.java:545)
	at org.openqa.selenium.remote.RemoteWebElement.execute(RemoteWebElement.java:223)
	at org.openqa.selenium.remote.RemoteWebElement.clear(RemoteWebElement.java:129)
	at org.openqa.selenium.support.pagefactory.internal.LocatingElementHandler.invoke(LocatingElementHandler.java:51)
	at jdk.proxy2/jdk.proxy2.$Proxy28.clear(Unknown Source)
	at pageObject.HomePage.enterEmail(HomePage.java:76)
	at TestCases.TC002_InvalidLoginTest.InvalidLoginEroroMessageCheck(TC002_InvalidLoginTest.java:40)
	at java.base/java.util.ArrayList.forEach(ArrayList.java:1596)
	at java.base/java.util.concurrent.FutureTask.run(FutureTask.java:317)
	at java.base/java.util.concurrent.ThreadPoolExecutor.runWorker(ThreadPoolExecutor.java:1144)
	at java.base/java.util.concurrent.ThreadPoolExecutor$Worker.run(ThreadPoolExecutor.java:642)
	at java.base/java.lang.Thread.run(Thread.java:1583)
... Removed 20 stack frames
</div> <!-- stack-trace -->
                </div> <!-- method-content -->
              </div> <!-- method -->
              <div class="method">
                <div class="method-content">
                  <a name="InvalidLoginEroroMessageCheck(admin@practicesoftwaretesting.com , )">
                  </a> <!-- InvalidLoginEroroMessageCheck(admin@practicesoftwaretesting.com , ) -->
                  <span class="method-name">InvalidLoginEroroMessageCheck</span>
                  <span class="parameters">(admin@practicesoftwaretesting.com ,)</span>
                  <div class="stack-trace">org.openqa.selenium.NoSuchElementException: no such element: Unable to locate element: {&quot;method&quot;:&quot;xpath&quot;,&quot;selector&quot;:&quot;//a[@class=&apos;nav-link&apos;][normalize-space()=&apos;Sign in&apos;]&quot;}
  (Session info: chrome=134.0.6998.118)
For documentation on this error, please visit: https://www.selenium.dev/documentation/webdriver/troubleshooting/errors#no-such-element-exception
Build info: version: &apos;4.29.0&apos;, revision: &apos;5fc1ec94cb&apos;
System info: os.name: &apos;Windows 10&apos;, os.arch: &apos;amd64&apos;, os.version: &apos;10.0&apos;, java.version: &apos;21.0.5&apos;
Driver info: org.openqa.selenium.chrome.ChromeDriver
Command: [b3eb83b725ae690f61e95f4d31dff6a7, findElement {using=xpath, value=//a[@class=&apos;nav-link&apos;][normalize-space()=&apos;Sign in&apos;]}]
Capabilities {acceptInsecureCerts: false, browserName: chrome, browserVersion: 134.0.6998.118, chrome: {chromedriverVersion: 134.0.6998.165 (fd886e2cb29..., userDataDir: C:\Users\hp\AppData\Local\T...}, fedcm:accounts: true, goog:chromeOptions: {debuggerAddress: localhost:51555}, networkConnectionEnabled: false, pageLoadStrategy: normal, platformName: windows, proxy: Proxy(), se:cdp: ws://localhost:51555/devtoo..., se:cdpVersion: 134.0.6998.118, setWindowRect: true, strictFileInteractability: false, timeouts: {implicit: 0, pageLoad: 300000, script: 30000}, unhandledPromptBehavior: dismiss and notify, webauthn:extension:credBlob: true, webauthn:extension:largeBlob: true, webauthn:extension:minPinLength: true, webauthn:extension:prf: true, webauthn:virtualAuthenticators: true}
Session ID: b3eb83b725ae690f61e95f4d31dff6a7
	at org.openqa.selenium.remote.ErrorCodec.decode(ErrorCodec.java:167)
	at org.openqa.selenium.remote.codec.w3c.W3CHttpResponseCodec.decode(W3CHttpResponseCodec.java:138)
	at org.openqa.selenium.remote.codec.w3c.W3CHttpResponseCodec.decode(W3CHttpResponseCodec.java:50)
	at org.openqa.selenium.remote.HttpCommandExecutor.execute(HttpCommandExecutor.java:215)
	at org.openqa.selenium.remote.service.DriverCommandExecutor.invokeExecute(DriverCommandExecutor.java:216)
	at org.openqa.selenium.remote.service.DriverCommandExecutor.execute(DriverCommandExecutor.java:174)
	at org.openqa.selenium.remote.RemoteWebDriver.execute(RemoteWebDriver.java:545)
	at org.openqa.selenium.remote.ElementLocation$ElementFinder$2.findElement(ElementLocation.java:165)
	at org.openqa.selenium.remote.ElementLocation.findElement(ElementLocation.java:59)
	at org.openqa.selenium.remote.RemoteWebDriver.findElement(RemoteWebDriver.java:368)
	at org.openqa.selenium.remote.RemoteWebDriver.findElement(RemoteWebDriver.java:362)
	at org.openqa.selenium.support.pagefactory.DefaultElementLocator.findElement(DefaultElementLocator.java:68)
	at org.openqa.selenium.support.pagefactory.internal.LocatingElementHandler.invoke(LocatingElementHandler.java:38)
	at jdk.proxy2/jdk.proxy2.$Proxy28.click(Unknown Source)
	at pageObject.HomePage.clickSignin(HomePage.java:72)
	at TestCases.TC002_InvalidLoginTest.InvalidLoginEroroMessageCheck(TC002_InvalidLoginTest.java:39)
	at java.base/java.util.ArrayList.forEach(ArrayList.java:1596)
	at java.base/java.util.concurrent.FutureTask.run(FutureTask.java:317)
	at java.base/java.util.concurrent.ThreadPoolExecutor.runWorker(ThreadPoolExecutor.java:1144)
	at java.base/java.util.concurrent.ThreadPoolExecutor$Worker.run(ThreadPoolExecutor.java:642)
	at java.base/java.lang.Thread.run(Thread.java:1583)
... Removed 18 stack frames
</div> <!-- stack-trace -->
                </div> <!-- method-content -->
              </div> <!-- method -->
              <div class="method">
                <div class="method-content">
                  <a name="InvalidLoginEroroMessageCheck(, welcome1)">
                  </a> <!-- InvalidLoginEroroMessageCheck(, welcome1) -->
                  <span class="method-name">InvalidLoginEroroMessageCheck</span>
                  <span class="parameters">(,welcome1)</span>
                  <div class="stack-trace">org.openqa.selenium.NoSuchElementException: no such element: Unable to locate element: {&quot;method&quot;:&quot;xpath&quot;,&quot;selector&quot;:&quot;//a[@class=&apos;nav-link&apos;][normalize-space()=&apos;Sign in&apos;]&quot;}
  (Session info: chrome=134.0.6998.118)
For documentation on this error, please visit: https://www.selenium.dev/documentation/webdriver/troubleshooting/errors#no-such-element-exception
Build info: version: &apos;4.29.0&apos;, revision: &apos;5fc1ec94cb&apos;
System info: os.name: &apos;Windows 10&apos;, os.arch: &apos;amd64&apos;, os.version: &apos;10.0&apos;, java.version: &apos;21.0.5&apos;
Driver info: org.openqa.selenium.chrome.ChromeDriver
Command: [b3eb83b725ae690f61e95f4d31dff6a7, findElement {using=xpath, value=//a[@class=&apos;nav-link&apos;][normalize-space()=&apos;Sign in&apos;]}]
Capabilities {acceptInsecureCerts: false, browserName: chrome, browserVersion: 134.0.6998.118, chrome: {chromedriverVersion: 134.0.6998.165 (fd886e2cb29..., userDataDir: C:\Users\hp\AppData\Local\T...}, fedcm:accounts: true, goog:chromeOptions: {debuggerAddress: localhost:51555}, networkConnectionEnabled: false, pageLoadStrategy: normal, platformName: windows, proxy: Proxy(), se:cdp: ws://localhost:51555/devtoo..., se:cdpVersion: 134.0.6998.118, setWindowRect: true, strictFileInteractability: false, timeouts: {implicit: 0, pageLoad: 300000, script: 30000}, unhandledPromptBehavior: dismiss and notify, webauthn:extension:credBlob: true, webauthn:extension:largeBlob: true, webauthn:extension:minPinLength: true, webauthn:extension:prf: true, webauthn:virtualAuthenticators: true}
Session ID: b3eb83b725ae690f61e95f4d31dff6a7
	at org.openqa.selenium.remote.ErrorCodec.decode(ErrorCodec.java:167)
	at org.openqa.selenium.remote.codec.w3c.W3CHttpResponseCodec.decode(W3CHttpResponseCodec.java:138)
	at org.openqa.selenium.remote.codec.w3c.W3CHttpResponseCodec.decode(W3CHttpResponseCodec.java:50)
	at org.openqa.selenium.remote.HttpCommandExecutor.execute(HttpCommandExecutor.java:215)
	at org.openqa.selenium.remote.service.DriverCommandExecutor.invokeExecute(DriverCommandExecutor.java:216)
	at org.openqa.selenium.remote.service.DriverCommandExecutor.execute(DriverCommandExecutor.java:174)
	at org.openqa.selenium.remote.RemoteWebDriver.execute(RemoteWebDriver.java:545)
	at org.openqa.selenium.remote.ElementLocation$ElementFinder$2.findElement(ElementLocation.java:165)
	at org.openqa.selenium.remote.ElementLocation.findElement(ElementLocation.java:59)
	at org.openqa.selenium.remote.RemoteWebDriver.findElement(RemoteWebDriver.java:368)
	at org.openqa.selenium.remote.RemoteWebDriver.findElement(RemoteWebDriver.java:362)
	at org.openqa.selenium.support.pagefactory.DefaultElementLocator.findElement(DefaultElementLocator.java:68)
	at org.openqa.selenium.support.pagefactory.internal.LocatingElementHandler.invoke(LocatingElementHandler.java:38)
	at jdk.proxy2/jdk.proxy2.$Proxy28.click(Unknown Source)
	at pageObject.HomePage.clickSignin(HomePage.java:72)
	at TestCases.TC002_InvalidLoginTest.InvalidLoginEroroMessageCheck(TC002_InvalidLoginTest.java:39)
	at java.base/java.util.ArrayList.forEach(ArrayList.java:1596)
	at java.base/java.util.concurrent.FutureTask.run(FutureTask.java:317)
	at java.base/java.util.concurrent.ThreadPoolExecutor.runWorker(ThreadPoolExecutor.java:1144)
	at java.base/java.util.concurrent.ThreadPoolExecutor$Worker.run(ThreadPoolExecutor.java:642)
	at java.base/java.lang.Thread.run(Thread.java:1583)
... Removed 18 stack frames
</div> <!-- stack-trace -->
                </div> <!-- method-content -->
              </div> <!-- method -->
            </div> <!-- main-panel-content rounded-window-bottom -->
          </div> <!-- suite-ToolShopV5_0_Tests_Suite-class-failed -->
          <div class="suite-ToolShopV5_0_Tests_Suite-class-failed">
            <div class="main-panel-header rounded-window-top">
              <img src="failed.png"/>
              <span class="class-name">TestCases.TC005_AddProductToCartTest</span>
            </div> <!-- main-panel-header rounded-window-top -->
            <div class="main-panel-content rounded-window-bottom">
              <div class="method">
                <div class="method-content">
                  <a name="addProductToCart">
                  </a> <!-- addProductToCart -->
                  <span class="method-name">addProductToCart</span>
                  <div class="stack-trace">java.lang.AssertionError: element is not clickable expected [true] but found [false]
	at TestCases.TC005_AddProductToCartTest.addProductToCart(TC005_AddProductToCartTest.java:20)
	at java.base/java.util.ArrayList.forEach(ArrayList.java:1596)
	at java.base/java.util.concurrent.FutureTask.run(FutureTask.java:317)
	at java.base/java.util.concurrent.ThreadPoolExecutor.runWorker(ThreadPoolExecutor.java:1144)
	at java.base/java.util.concurrent.ThreadPoolExecutor$Worker.run(ThreadPoolExecutor.java:642)
	at java.base/java.lang.Thread.run(Thread.java:1583)
... Removed 18 stack frames
</div> <!-- stack-trace -->
                </div> <!-- method-content -->
              </div> <!-- method -->
            </div> <!-- main-panel-content rounded-window-bottom -->
          </div> <!-- suite-ToolShopV5_0_Tests_Suite-class-failed -->
          <div class="suite-ToolShopV5_0_Tests_Suite-class-passed">
            <div class="main-panel-header rounded-window-top">
              <img src="passed.png"/>
              <span class="class-name">TestCases.TC004_SearchForNonExistingProductTest</span>
            </div> <!-- main-panel-header rounded-window-top -->
            <div class="main-panel-content rounded-window-bottom">
              <div class="method">
                <div class="method-content">
                  <a name="SearchForNonExistingProductTest">
                  </a> <!-- SearchForNonExistingProductTest -->
                  <span class="method-name">SearchForNonExistingProductTest</span>
                </div> <!-- method-content -->
              </div> <!-- method -->
            </div> <!-- main-panel-content rounded-window-bottom -->
          </div> <!-- suite-ToolShopV5_0_Tests_Suite-class-passed -->
          <div class="suite-ToolShopV5_0_Tests_Suite-class-passed">
            <div class="main-panel-header rounded-window-top">
              <img src="passed.png"/>
              <span class="class-name">TestCases.TC001_ValidLoginTest</span>
            </div> <!-- main-panel-header rounded-window-top -->
            <div class="main-panel-content rounded-window-bottom">
              <div class="method">
                <div class="method-content">
                  <a name="validLogin">
                  </a> <!-- validLogin -->
                  <span class="method-name">validLogin</span>
                </div> <!-- method-content -->
              </div> <!-- method -->
            </div> <!-- main-panel-content rounded-window-bottom -->
          </div> <!-- suite-ToolShopV5_0_Tests_Suite-class-passed -->
          <div class="suite-ToolShopV5_0_Tests_Suite-class-passed">
            <div class="main-panel-header rounded-window-top">
              <img src="passed.png"/>
              <span class="class-name">TestCases.TC002_InvalidLoginTest</span>
            </div> <!-- main-panel-header rounded-window-top -->
            <div class="main-panel-content rounded-window-bottom">
              <div class="method">
                <div class="method-content">
                  <a name="InvalidLogin(, welcome1)">
                  </a> <!-- InvalidLogin(, welcome1) -->
                  <span class="method-name">InvalidLogin</span>
                  <span class="parameters">(,welcome1)</span>
                </div> <!-- method-content -->
              </div> <!-- method -->
              <div class="method">
                <div class="method-content">
                  <a name="InvalidLogin(aadmin12345@, welcome01)">
                  </a> <!-- InvalidLogin(aadmin12345@, welcome01) -->
                  <span class="method-name">InvalidLogin</span>
                  <span class="parameters">(aadmin12345@,welcome01)</span>
                </div> <!-- method-content -->
              </div> <!-- method -->
              <div class="method">
                <div class="method-content">
                  <a name="InvalidLogin(admin@practicesoftwaretesting.com , )">
                  </a> <!-- InvalidLogin(admin@practicesoftwaretesting.com , ) -->
                  <span class="method-name">InvalidLogin</span>
                  <span class="parameters">(admin@practicesoftwaretesting.com ,)</span>
                </div> <!-- method-content -->
              </div> <!-- method -->
              <div class="method">
                <div class="method-content">
                  <a name="InvalidLogin(admin@practicesoftwaretesting.com, wel)">
                  </a> <!-- InvalidLogin(admin@practicesoftwaretesting.com, wel) -->
                  <span class="method-name">InvalidLogin</span>
                  <span class="parameters">(admin@practicesoftwaretesting.com,wel)</span>
                </div> <!-- method-content -->
              </div> <!-- method -->
              <div class="method">
                <div class="method-content">
                  <a name="InvalidLoginEroroMessageCheck(aadmin12345@, welcome01)">
                  </a> <!-- InvalidLoginEroroMessageCheck(aadmin12345@, welcome01) -->
                  <span class="method-name">InvalidLoginEroroMessageCheck</span>
                  <span class="parameters">(aadmin12345@,welcome01)</span>
                </div> <!-- method-content -->
              </div> <!-- method -->
            </div> <!-- main-panel-content rounded-window-bottom -->
          </div> <!-- suite-ToolShopV5_0_Tests_Suite-class-passed -->
          <div class="suite-ToolShopV5_0_Tests_Suite-class-passed">
            <div class="main-panel-header rounded-window-top">
              <img src="passed.png"/>
              <span class="class-name">TestCases.TC003_SearchForExistingProductTest</span>
            </div> <!-- main-panel-header rounded-window-top -->
            <div class="main-panel-content rounded-window-bottom">
              <div class="method">
                <div class="method-content">
                  <a name="SearchForExistingProduct">
                  </a> <!-- SearchForExistingProduct -->
                  <span class="method-name">SearchForExistingProduct</span>
                </div> <!-- method-content -->
              </div> <!-- method -->
            </div> <!-- main-panel-content rounded-window-bottom -->
          </div> <!-- suite-ToolShopV5_0_Tests_Suite-class-passed -->
          <div class="suite-ToolShopV5_0_Tests_Suite-class-passed">
            <div class="main-panel-header rounded-window-top">
              <img src="passed.png"/>
              <span class="class-name">TestCases.TC005_AddProductToCartTest</span>
            </div> <!-- main-panel-header rounded-window-top -->
            <div class="main-panel-content rounded-window-bottom">
              <div class="method">
                <div class="method-content">
                  <a name="addProductToCart">
                  </a> <!-- addProductToCart -->
                  <span class="method-name">addProductToCart</span>
                </div> <!-- method-content -->
              </div> <!-- method -->
            </div> <!-- main-panel-content rounded-window-bottom -->
          </div> <!-- suite-ToolShopV5_0_Tests_Suite-class-passed -->
        </div> <!-- panel ToolShopV5_0_Tests_Suite -->
        <div panel-name="test-xml-ToolShopV5_0_Tests_Suite" class="panel">
          <div class="main-panel-header rounded-window-top">
            <span class="header-content">E:\java\selenium\webdriver\ToolshopV5.0\Master.xml</span>
          </div> <!-- main-panel-header rounded-window-top -->
          <div class="main-panel-content rounded-window-bottom">
            <pre>
&lt;?xml version=&quot;1.0&quot; encoding=&quot;UTF-8&quot;?&gt;
&lt;!DOCTYPE suite SYSTEM &quot;https://testng.org/testng-1.0.dtd&quot;&gt;
&lt;suite parallel=&quot;tests&quot; name=&quot;ToolShopV5.0 Tests Suite&quot; guice-stage=&quot;DEVELOPMENT&quot; verbose=&quot;0&quot;&gt;
  &lt;listeners&gt;
    &lt;listener class-name=&quot;utilities.ExtentReportManager&quot;/&gt;
  &lt;/listeners&gt;
  &lt;test thread-count=&quot;5&quot; parallel=&quot;tests&quot; name=&quot;Authentication Test&quot; verbose=&quot;0&quot;&gt;
    &lt;parameter name=&quot;os&quot; value=&quot;window&quot;/&gt;
    &lt;parameter name=&quot;browser&quot; value=&quot;chrome&quot;/&gt;
    &lt;classes&gt;
      &lt;class name=&quot;TestCases.TC001_ValidLoginTest&quot;/&gt;
      &lt;class name=&quot;TestCases.TC002_InvalidLoginTest&quot;/&gt;
    &lt;/classes&gt;
  &lt;/test&gt; &lt;!-- Authentication Test --&gt;
  &lt;test thread-count=&quot;5&quot; parallel=&quot;tests&quot; name=&quot;Product Search Functionality Test&quot; verbose=&quot;0&quot;&gt;
    &lt;parameter name=&quot;os&quot; value=&quot;window&quot;/&gt;
    &lt;parameter name=&quot;browser&quot; value=&quot;chrome&quot;/&gt;
    &lt;classes&gt;
      &lt;class name=&quot;TestCases.TC003_SearchForExistingProductTest&quot;/&gt;
      &lt;class name=&quot;TestCases.TC004_SearchForNonExistingProductTest&quot;/&gt;
    &lt;/classes&gt;
  &lt;/test&gt; &lt;!-- Product Search Functionality Test --&gt;
  &lt;test thread-count=&quot;5&quot; parallel=&quot;tests&quot; name=&quot;Shoping Cart Functionality&quot; verbose=&quot;0&quot;&gt;
    &lt;parameter name=&quot;os&quot; value=&quot;window&quot;/&gt;
    &lt;parameter name=&quot;browser&quot; value=&quot;chrome&quot;/&gt;
    &lt;classes&gt;
      &lt;class name=&quot;TestCases.TC005_AddProductToCartTest&quot;/&gt;
      &lt;class name=&quot;TestCases.TC006_RemoveProductfromtheCartTest&quot;/&gt;
    &lt;/classes&gt;
  &lt;/test&gt; &lt;!-- Shoping Cart Functionality --&gt;
  &lt;test thread-count=&quot;5&quot; parallel=&quot;tests&quot; name=&quot;Checkout process Test&quot; verbose=&quot;0&quot;&gt;
    &lt;parameter name=&quot;os&quot; value=&quot;window&quot;/&gt;
    &lt;parameter name=&quot;browser&quot; value=&quot;chrome&quot;/&gt;
    &lt;classes&gt;
      &lt;class name=&quot;TestCases.TC005_AddProductToCartTest&quot;/&gt;
      &lt;class name=&quot;TestCases.TC007_SuccessfulCheckoutTest&quot;/&gt;
    &lt;/classes&gt;
  &lt;/test&gt; &lt;!-- Checkout process Test --&gt;
&lt;/suite&gt; &lt;!-- ToolShopV5.0 Tests Suite --&gt;
            </pre>
          </div> <!-- main-panel-content rounded-window-bottom -->
        </div> <!-- panel -->
        <div panel-name="testlist-ToolShopV5_0_Tests_Suite" class="panel">
          <div class="main-panel-header rounded-window-top">
            <span class="header-content">Tests for ToolShopV5.0 Tests Suite</span>
          </div> <!-- main-panel-header rounded-window-top -->
          <div class="main-panel-content rounded-window-bottom">
            <ul>
              <li>
                <span class="test-name">Authentication Test (2 classes)</span>
              </li>
              <li>
                <span class="test-name">Product Search Functionality Test (2 classes)</span>
              </li>
              <li>
                <span class="test-name">Shoping Cart Functionality (2 classes)</span>
              </li>
              <li>
                <span class="test-name">Checkout process Test (2 classes)</span>
              </li>
            </ul>
          </div> <!-- main-panel-content rounded-window-bottom -->
        </div> <!-- panel -->
        <div panel-name="group-ToolShopV5_0_Tests_Suite" class="panel">
          <div class="main-panel-header rounded-window-top">
            <span class="header-content">Groups for ToolShopV5.0 Tests Suite</span>
          </div> <!-- main-panel-header rounded-window-top -->
          <div class="main-panel-content rounded-window-bottom">
          </div> <!-- main-panel-content rounded-window-bottom -->
        </div> <!-- panel -->
        <div panel-name="times-ToolShopV5_0_Tests_Suite" class="panel">
          <div class="main-panel-header rounded-window-top">
            <span class="header-content">Times for ToolShopV5.0 Tests Suite</span>
          </div> <!-- main-panel-header rounded-window-top -->
          <div class="main-panel-content rounded-window-bottom">
            <div class="times-div">
              <script type="text/javascript">
suiteTableInitFunctions.push('tableData_ToolShopV5_0_Tests_Suite');
function tableData_ToolShopV5_0_Tests_Suite() {
var data = new google.visualization.DataTable();
data.addColumn('number', 'Number');
data.addColumn('string', 'Method');
data.addColumn('string', 'Class');
data.addColumn('number', 'Time (ms)');
data.addRows(15);
data.setCell(0, 0, 0)
data.setCell(0, 1, 'validLogin')
data.setCell(0, 2, 'TestCases.TC001_ValidLoginTest')
data.setCell(0, 3, 7755);
data.setCell(1, 0, 1)
data.setCell(1, 1, 'SearchForNonExistingProductTest')
data.setCell(1, 2, 'TestCases.TC004_SearchForNonExistingProductTest')
data.setCell(1, 3, 5318);
data.setCell(2, 0, 2)
data.setCell(2, 1, 'InvalidLoginEroroMessageCheck')
data.setCell(2, 2, 'TestCases.TC002_InvalidLoginTest')
data.setCell(2, 3, 5068);
data.setCell(3, 0, 3)
data.setCell(3, 1, 'successfulCheckout')
data.setCell(3, 2, 'TestCases.TC007_SuccessfulCheckoutTest')
data.setCell(3, 3, 5058);
data.setCell(4, 0, 4)
data.setCell(4, 1, 'InvalidLoginEroroMessageCheck')
data.setCell(4, 2, 'TestCases.TC002_InvalidLoginTest')
data.setCell(4, 3, 5048);
data.setCell(5, 0, 5)
data.setCell(5, 1, 'addProductToCart')
data.setCell(5, 2, 'TestCases.TC005_AddProductToCartTest')
data.setCell(5, 3, 3323);
data.setCell(6, 0, 6)
data.setCell(6, 1, 'addProductToCart')
data.setCell(6, 2, 'TestCases.TC005_AddProductToCartTest')
data.setCell(6, 3, 2044);
data.setCell(7, 0, 7)
data.setCell(7, 1, 'SearchForExistingProduct')
data.setCell(7, 2, 'TestCases.TC003_SearchForExistingProductTest')
data.setCell(7, 3, 1365);
data.setCell(8, 0, 8)
data.setCell(8, 1, 'InvalidLoginEroroMessageCheck')
data.setCell(8, 2, 'TestCases.TC002_InvalidLoginTest')
data.setCell(8, 3, 1022);
data.setCell(9, 0, 9)
data.setCell(9, 1, 'InvalidLogin')
data.setCell(9, 2, 'TestCases.TC002_InvalidLoginTest')
data.setCell(9, 3, 428);
data.setCell(10, 0, 10)
data.setCell(10, 1, 'InvalidLogin')
data.setCell(10, 2, 'TestCases.TC002_InvalidLoginTest')
data.setCell(10, 3, 395);
data.setCell(11, 0, 11)
data.setCell(11, 1, 'InvalidLogin')
data.setCell(11, 2, 'TestCases.TC002_InvalidLoginTest')
data.setCell(11, 3, 387);
data.setCell(12, 0, 12)
data.setCell(12, 1, 'InvalidLogin')
data.setCell(12, 2, 'TestCases.TC002_InvalidLoginTest')
data.setCell(12, 3, 370);
data.setCell(13, 0, 13)
data.setCell(13, 1, 'InvalidLoginEroroMessageCheck')
data.setCell(13, 2, 'TestCases.TC002_InvalidLoginTest')
data.setCell(13, 3, 120);
data.setCell(14, 0, 14)
data.setCell(14, 1, 'removeProductfromCart')
data.setCell(14, 2, 'TestCases.TC006_RemoveProductfromtheCartTest')
data.setCell(14, 3, 100);
window.suiteTableData['ToolShopV5_0_Tests_Suite']= { tableData: data, tableDiv: 'times-div-ToolShopV5_0_Tests_Suite'}
return data;
}
              </script>
              <span class="suite-total-time">Total running time: 29 seconds</span>
              <div id="times-div-ToolShopV5_0_Tests_Suite">
              </div> <!-- times-div-ToolShopV5_0_Tests_Suite -->
            </div> <!-- times-div -->
          </div> <!-- main-panel-content rounded-window-bottom -->
        </div> <!-- panel -->
        <div panel-name="reporter-ToolShopV5_0_Tests_Suite" class="panel">
          <div class="main-panel-header rounded-window-top">
            <span class="header-content">Reporter output for ToolShopV5.0 Tests Suite</span>
          </div> <!-- main-panel-header rounded-window-top -->
          <div class="main-panel-content rounded-window-bottom">
          </div> <!-- main-panel-content rounded-window-bottom -->
        </div> <!-- panel -->
        <div panel-name="ignored-methods-ToolShopV5_0_Tests_Suite" class="panel">
          <div class="main-panel-header rounded-window-top">
            <span class="header-content">8 ignored methods</span>
          </div> <!-- main-panel-header rounded-window-top -->
          <div class="main-panel-content rounded-window-bottom">
            <div class="ignored-class-div">
              <span class="ignored-class-name">TestCases.TC006_RemoveProductfromtheCartTest</span>
              <div class="ignored-methods-div">
                <span class="ignored-method-name">setup</span>
                <br/>
                <span class="ignored-method-name">tearDown</span>
                <br/>
              </div> <!-- ignored-methods-div -->
            </div> <!-- ignored-class-div -->
            <div class="ignored-class-div">
              <span class="ignored-class-name">TestCases.TC004_SearchForNonExistingProductTest</span>
              <div class="ignored-methods-div">
                <span class="ignored-method-name">setup</span>
                <br/>
                <span class="ignored-method-name">tearDown</span>
                <br/>
              </div> <!-- ignored-methods-div -->
            </div> <!-- ignored-class-div -->
            <div class="ignored-class-div">
              <span class="ignored-class-name">TestCases.TC007_SuccessfulCheckoutTest</span>
              <div class="ignored-methods-div">
                <span class="ignored-method-name">setup</span>
                <br/>
                <span class="ignored-method-name">tearDown</span>
                <br/>
              </div> <!-- ignored-methods-div -->
            </div> <!-- ignored-class-div -->
            <div class="ignored-class-div">
              <span class="ignored-class-name">TestCases.TC002_InvalidLoginTest</span>
              <div class="ignored-methods-div">
                <span class="ignored-method-name">setup</span>
                <br/>
                <span class="ignored-method-name">tearDown</span>
                <br/>
              </div> <!-- ignored-methods-div -->
            </div> <!-- ignored-class-div -->
          </div> <!-- main-panel-content rounded-window-bottom -->
        </div> <!-- panel -->
        <div panel-name="chronological-ToolShopV5_0_Tests_Suite" class="panel">
          <div class="main-panel-header rounded-window-top">
            <span class="header-content">Methods in chronological order</span>
          </div> <!-- main-panel-header rounded-window-top -->
          <div class="main-panel-content rounded-window-bottom">
            <div class="chronological-class">
              <div class="chronological-class-name">TestCases.TC005_AddProductToCartTest</div> <!-- chronological-class-name -->
              <div class="configuration-test before">
                <span class="method-name">setup(window, chrome)</span>
                <span class="method-start">0 ms</span>
              </div> <!-- configuration-test before -->
            </div> <!-- chronological-class -->
            <div class="chronological-class">
              <div class="chronological-class-name">TestCases.TC001_ValidLoginTest</div> <!-- chronological-class-name -->
              <div class="configuration-test before">
                <span class="method-name">setup(window, chrome)</span>
                <span class="method-start">1 ms</span>
              </div> <!-- configuration-test before -->
            </div> <!-- chronological-class -->
            <div class="chronological-class">
              <div class="chronological-class-name">TestCases.TC003_SearchForExistingProductTest</div> <!-- chronological-class-name -->
              <div class="configuration-test before">
                <span class="method-name">setup(window, chrome)</span>
                <span class="method-start">168 ms</span>
              </div> <!-- configuration-test before -->
            </div> <!-- chronological-class -->
            <div class="chronological-class">
              <div class="chronological-class-name">TestCases.TC005_AddProductToCartTest</div> <!-- chronological-class-name -->
              <div class="configuration-test before">
                <span class="method-name">setup(window, chrome)</span>
                <span class="method-start">169 ms</span>
              </div> <!-- configuration-test before -->
              <div class="configuration-class before">
                <span class="method-name">initializeLogger</span>
                <span class="method-start">7735 ms</span>
              </div> <!-- configuration-class before -->
              <div class="test-method">
                <img src="failed.png">
                </img>
                <span class="method-name">addProductToCart</span>
                <span class="method-start">7803 ms</span>
              </div> <!-- test-method -->
            </div> <!-- chronological-class -->
            <div class="chronological-class">
              <div class="chronological-class-name">TestCases.TC001_ValidLoginTest</div> <!-- chronological-class-name -->
              <div class="configuration-class before">
                <span class="method-name">initializeLogger</span>
                <span class="method-start">8220 ms</span>
              </div> <!-- configuration-class before -->
              <div class="test-method">
                <span class="method-name">validLogin</span>
                <span class="method-start">8221 ms</span>
              </div> <!-- test-method -->
            </div> <!-- chronological-class -->
            <div class="chronological-class">
              <div class="chronological-class-name">TestCases.TC003_SearchForExistingProductTest</div> <!-- chronological-class-name -->
              <div class="test-method">
                <span class="method-name">SearchForExistingProduct</span>
                <span class="method-start">8744 ms</span>
              </div> <!-- test-method -->
              <div class="configuration-class before">
                <span class="method-name">initializeLogger</span>
                <span class="method-start">8744 ms</span>
              </div> <!-- configuration-class before -->
            </div> <!-- chronological-class -->
            <div class="chronological-class">
              <div class="chronological-class-name">TestCases.TC005_AddProductToCartTest</div> <!-- chronological-class-name -->
              <div class="configuration-class before">
                <span class="method-name">initializeLogger</span>
                <span class="method-start">8754 ms</span>
              </div> <!-- configuration-class before -->
              <div class="test-method">
                <span class="method-name">addProductToCart</span>
                <span class="method-start">8756 ms</span>
              </div> <!-- test-method -->
            </div> <!-- chronological-class -->
            <div class="chronological-class">
              <div class="chronological-class-name">TestCases.TC004_SearchForNonExistingProductTest</div> <!-- chronological-class-name -->
              <div class="configuration-class before">
                <span class="method-name">initializeLogger</span>
                <span class="method-start">10115 ms</span>
              </div> <!-- configuration-class before -->
              <div class="test-method">
                <span class="method-name">SearchForNonExistingProductTest</span>
                <span class="method-start">10118 ms</span>
              </div> <!-- test-method -->
            </div> <!-- chronological-class -->
            <div class="chronological-class">
              <div class="chronological-class-name">TestCases.TC006_RemoveProductfromtheCartTest</div> <!-- chronological-class-name -->
              <div class="configuration-class before">
                <span class="method-name">initializeLogger</span>
                <span class="method-start">10802 ms</span>
              </div> <!-- configuration-class before -->
              <div class="test-method">
                <img src="failed.png">
                </img>
                <span class="method-name">removeProductfromCart</span>
                <span class="method-start">10804 ms</span>
              </div> <!-- test-method -->
            </div> <!-- chronological-class -->
            <div class="chronological-class">
              <div class="chronological-class-name">TestCases.TC005_AddProductToCartTest</div> <!-- chronological-class-name -->
              <div class="configuration-test after">
                <span class="method-name">tearDown</span>
                <span class="method-start">11098 ms</span>
              </div> <!-- configuration-test after -->
            </div> <!-- chronological-class -->
            <div class="chronological-class">
              <div class="chronological-class-name">TestCases.TC007_SuccessfulCheckoutTest</div> <!-- chronological-class-name -->
              <div class="configuration-class before">
                <span class="method-name">initializeLogger</span>
                <span class="method-start">11577 ms</span>
              </div> <!-- configuration-class before -->
              <div class="test-method">
                <img src="failed.png">
                </img>
                <span class="method-name">successfulCheckout</span>
                <span class="method-start">11578 ms</span>
              </div> <!-- test-method -->
            </div> <!-- chronological-class -->
            <div class="chronological-class">
              <div class="chronological-class-name">TestCases.TC003_SearchForExistingProductTest</div> <!-- chronological-class-name -->
              <div class="configuration-test after">
                <span class="method-name">tearDown</span>
                <span class="method-start">15437 ms</span>
              </div> <!-- configuration-test after -->
            </div> <!-- chronological-class -->
            <div class="chronological-class">
              <div class="chronological-class-name">TestCases.TC002_InvalidLoginTest</div> <!-- chronological-class-name -->
              <div class="configuration-class before">
                <span class="method-name">initializeLogger</span>
                <span class="method-start">15977 ms</span>
              </div> <!-- configuration-class before -->
              <div class="test-method">
                <span class="method-name">InvalidLogin(admin@practicesoftwaretesting.com, wel)</span>
                <span class="method-start">15989 ms</span>
              </div> <!-- test-method -->
              <div class="test-method">
                <span class="method-name">InvalidLogin(aadmin12345@, welcome01)</span>
                <span class="method-start">16384 ms</span>
              </div> <!-- test-method -->
              <div class="test-method">
                <span class="method-name">InvalidLogin(admin@practicesoftwaretesting.com , )</span>
                <span class="method-start">16755 ms</span>
              </div> <!-- test-method -->
            </div> <!-- chronological-class -->
            <div class="chronological-class">
              <div class="chronological-class-name">TestCases.TC005_AddProductToCartTest</div> <!-- chronological-class-name -->
              <div class="configuration-test after">
                <span class="method-name">tearDown</span>
                <span class="method-start">17083 ms</span>
              </div> <!-- configuration-test after -->
            </div> <!-- chronological-class -->
            <div class="chronological-class">
              <div class="chronological-class-name">TestCases.TC002_InvalidLoginTest</div> <!-- chronological-class-name -->
              <div class="test-method">
                <span class="method-name">InvalidLogin(, welcome1)</span>
                <span class="method-start">17184 ms</span>
              </div> <!-- test-method -->
              <div class="test-method">
                <img src="failed.png">
                </img>
                <span class="method-name">InvalidLoginEroroMessageCheck(admin@practicesoftwaretesting.com, wel)</span>
                <span class="method-start">17572 ms</span>
              </div> <!-- test-method -->
              <div class="test-method">
                <span class="method-name">InvalidLoginEroroMessageCheck(aadmin12345@, welcome01)</span>
                <span class="method-start">17941 ms</span>
              </div> <!-- test-method -->
              <div class="test-method">
                <img src="failed.png">
                </img>
                <span class="method-name">InvalidLoginEroroMessageCheck(admin@practicesoftwaretesting.com , )</span>
                <span class="method-start">18964 ms</span>
              </div> <!-- test-method -->
              <div class="test-method">
                <img src="failed.png">
                </img>
                <span class="method-name">InvalidLoginEroroMessageCheck(, welcome1)</span>
                <span class="method-start">24161 ms</span>
              </div> <!-- test-method -->
            </div> <!-- chronological-class -->
            <div class="chronological-class">
              <div class="chronological-class-name">TestCases.TC001_ValidLoginTest</div> <!-- chronological-class-name -->
              <div class="configuration-test after">
                <span class="method-name">tearDown</span>
                <span class="method-start">29381 ms</span>
              </div> <!-- configuration-test after -->
          </div> <!-- main-panel-content rounded-window-bottom -->
        </div> <!-- panel -->
      </div> <!-- main-panel-root -->
    </div> <!-- wrapper -->
  </body>
<script type="text/javascript" src="testng-reports2.js"></script>
</html>
